TN:
SF:src\controllers\adminController.js
FN:13,getTenantUsage
FN:24,(anonymous_1)
FN:47,(anonymous_2)
FN:56,(anonymous_3)
FN:79,(anonymous_4)
FN:84,(anonymous_5)
FN:85,(anonymous_6)
FN:87,(anonymous_7)
FN:101,(anonymous_8)
FN:112,(anonymous_9)
FN:116,(anonymous_10)
FN:136,(anonymous_11)
FN:147,(anonymous_12)
FN:159,(anonymous_13)
FN:167,(anonymous_14)
FN:168,(anonymous_15)
FN:175,(anonymous_16)
FN:184,(anonymous_17)
FN:194,(anonymous_18)
FN:205,(anonymous_19)
FN:225,(anonymous_20)
FNF:21
FNH:0
FNDA:0,getTenantUsage
FNDA:0,(anonymous_1)
FNDA:0,(anonymous_2)
FNDA:0,(anonymous_3)
FNDA:0,(anonymous_4)
FNDA:0,(anonymous_5)
FNDA:0,(anonymous_6)
FNDA:0,(anonymous_7)
FNDA:0,(anonymous_8)
FNDA:0,(anonymous_9)
FNDA:0,(anonymous_10)
FNDA:0,(anonymous_11)
FNDA:0,(anonymous_12)
FNDA:0,(anonymous_13)
FNDA:0,(anonymous_14)
FNDA:0,(anonymous_15)
FNDA:0,(anonymous_16)
FNDA:0,(anonymous_17)
FNDA:0,(anonymous_18)
FNDA:0,(anonymous_19)
FNDA:0,(anonymous_20)
DA:11,0
DA:14,0
DA:20,0
DA:24,0
DA:25,0
DA:26,0
DA:38,0
DA:39,0
DA:40,0
DA:43,0
DA:47,0
DA:49,0
DA:51,0
DA:56,0
DA:57,0
DA:58,0
DA:59,0
DA:60,0
DA:61,0
DA:62,0
DA:63,0
DA:64,0
DA:71,0
DA:72,0
DA:79,0
DA:80,0
DA:84,0
DA:85,0
DA:87,0
DA:95,0
DA:97,0
DA:101,0
DA:102,0
DA:103,0
DA:104,0
DA:105,0
DA:106,0
DA:108,0
DA:112,0
DA:113,0
DA:114,0
DA:115,0
DA:116,0
DA:118,0
DA:119,0
DA:121,0
DA:130,0
DA:132,0
DA:136,0
DA:137,0
DA:138,0
DA:139,0
DA:140,0
DA:141,0
DA:143,0
DA:147,0
DA:148,0
DA:149,0
DA:150,0
DA:151,0
DA:152,0
DA:154,0
DA:159,0
DA:160,0
DA:161,0
DA:163,0
DA:167,0
DA:168,0
DA:169,0
DA:171,0
DA:175,0
DA:176,0
DA:177,0
DA:178,0
DA:180,0
DA:184,0
DA:185,0
DA:186,0
DA:187,0
DA:188,0
DA:190,0
DA:194,0
DA:195,0
DA:196,0
DA:197,0
DA:198,0
DA:200,0
DA:205,0
DA:206,0
DA:207,0
DA:208,0
DA:209,0
DA:210,0
DA:211,0
DA:212,0
DA:218,0
DA:220,0
DA:225,0
DA:226,0
DA:227,0
DA:228,0
DA:231,0
DA:232,0
DA:234,0
DA:235,0
DA:237,0
DA:238,0
DA:239,0
DA:241,0
LF:109
LH:0
BRDA:47,0,0,0
BRDA:47,0,1,0
BRDA:58,1,0,0
BRDA:58,2,0,0
BRDA:60,3,0,0
BRDA:60,3,1,0
BRDA:61,4,0,0
BRDA:61,4,1,0
BRDA:62,5,0,0
BRDA:62,5,1,0
BRDA:63,6,0,0
BRDA:63,6,1,0
BRDA:90,7,0,0
BRDA:90,7,1,0
BRDA:91,8,0,0
BRDA:91,8,1,0
BRDA:104,9,0,0
BRDA:104,9,1,0
BRDA:116,10,0,0
BRDA:116,10,1,0
BRDA:119,11,0,0
BRDA:119,11,1,0
BRDA:139,12,0,0
BRDA:139,12,1,0
BRDA:150,13,0,0
BRDA:150,13,1,0
BRDA:168,14,0,0
BRDA:168,14,1,0
BRDA:187,15,0,0
BRDA:187,15,1,0
BRDA:197,16,0,0
BRDA:197,16,1,0
BRDA:207,17,0,0
BRDA:207,18,0,0
BRDA:209,19,0,0
BRDA:209,19,1,0
BRDA:210,20,0,0
BRDA:210,20,1,0
BRDA:227,21,0,0
BRDA:227,21,1,0
BRDA:232,22,0,0
BRDA:232,22,1,0
BRDA:235,23,0,0
BRDA:235,23,1,0
BRDA:235,24,0,0
BRDA:235,24,1,0
BRDA:235,24,2,0
BRF:47
BRH:0
end_of_record
TN:
SF:src\controllers\agendamentoController.js
FN:13,notificarConfirmacao
FN:30,(anonymous_1)
FN:33,notificarCancelamento
FN:49,(anonymous_3)
FN:56,onConcluido
FN:98,onDesconcluido
FN:129,(anonymous_6)
FN:191,(anonymous_7)
FN:224,(anonymous_8)
FN:236,(anonymous_9)
FN:250,(anonymous_10)
FN:274,(anonymous_11)
FN:297,(anonymous_12)
FNF:13
FNH:0
FNDA:0,notificarConfirmacao
FNDA:0,(anonymous_1)
FNDA:0,notificarCancelamento
FNDA:0,(anonymous_3)
FNDA:0,onConcluido
FNDA:0,onDesconcluido
FNDA:0,(anonymous_6)
FNDA:0,(anonymous_7)
FNDA:0,(anonymous_8)
FNDA:0,(anonymous_9)
FNDA:0,(anonymous_10)
FNDA:0,(anonymous_11)
FNDA:0,(anonymous_12)
DA:14,0
DA:15,0
DA:19,0
DA:20,0
DA:21,0
DA:30,0
DA:34,0
DA:35,0
DA:39,0
DA:40,0
DA:41,0
DA:49,0
DA:57,0
DA:60,0
DA:61,0
DA:62,0
DA:76,0
DA:77,0
DA:78,0
DA:79,0
DA:82,0
DA:89,0
DA:90,0
DA:99,0
DA:102,0
DA:105,0
DA:106,0
DA:107,0
DA:108,0
DA:111,0
DA:122,0
DA:123,0
DA:129,0
DA:130,0
DA:135,0
DA:137,0
DA:138,0
DA:141,0
DA:142,0
DA:145,0
DA:146,0
DA:152,0
DA:155,0
DA:169,0
DA:170,0
DA:173,0
DA:176,0
DA:177,0
DA:181,0
DA:182,0
DA:185,0
DA:187,0
DA:191,0
DA:192,0
DA:193,0
DA:195,0
DA:196,0
DA:198,0
DA:199,0
DA:200,0
DA:201,0
DA:202,0
DA:204,0
DA:205,0
DA:206,0
DA:210,0
DA:211,0
DA:212,0
DA:214,0
DA:218,0
DA:220,0
DA:224,0
DA:225,0
DA:226,0
DA:227,0
DA:228,0
DA:230,0
DA:232,0
DA:236,0
DA:237,0
DA:238,0
DA:239,0
DA:240,0
DA:243,0
DA:244,0
DA:246,0
DA:250,0
DA:252,0
DA:254,0
DA:257,0
DA:258,0
DA:259,0
DA:260,0
DA:264,0
DA:265,0
DA:268,0
DA:270,0
DA:274,0
DA:275,0
DA:276,0
DA:277,0
DA:278,0
DA:282,0
DA:283,0
DA:287,0
DA:288,0
DA:291,0
DA:293,0
DA:297,0
DA:298,0
DA:299,0
DA:300,0
DA:301,0
DA:303,0
DA:304,0
DA:312,0
DA:314,0
LF:117
LH:0
BRDA:14,0,0,0
BRDA:14,0,1,0
BRDA:19,1,0,0
BRDA:19,1,1,0
BRDA:34,2,0,0
BRDA:34,2,1,0
BRDA:39,3,0,0
BRDA:39,3,1,0
BRDA:57,4,0,0
BRDA:57,4,1,0
BRDA:61,5,0,0
BRDA:61,5,1,0
BRDA:65,6,0,0
BRDA:65,6,1,0
BRDA:65,7,0,0
BRDA:65,7,1,0
BRDA:69,8,0,0
BRDA:69,8,1,0
BRDA:71,9,0,0
BRDA:71,9,1,0
BRDA:76,10,0,0
BRDA:76,10,1,0
BRDA:78,11,0,0
BRDA:78,11,1,0
BRDA:80,12,0,0
BRDA:80,12,1,0
BRDA:89,13,0,0
BRDA:89,13,1,0
BRDA:99,14,0,0
BRDA:99,14,1,0
BRDA:105,15,0,0
BRDA:105,15,1,0
BRDA:107,16,0,0
BRDA:107,16,1,0
BRDA:109,17,0,0
BRDA:109,17,1,0
BRDA:122,18,0,0
BRDA:122,18,1,0
BRDA:137,19,0,0
BRDA:137,19,1,0
BRDA:137,20,0,0
BRDA:137,20,1,0
BRDA:137,20,2,0
BRDA:137,20,3,0
BRDA:143,21,0,0
BRDA:143,21,1,0
BRDA:145,22,0,0
BRDA:145,22,1,0
BRDA:161,23,0,0
BRDA:161,23,1,0
BRDA:162,24,0,0
BRDA:162,24,1,0
BRDA:163,25,0,0
BRDA:163,25,1,0
BRDA:164,26,0,0
BRDA:164,26,1,0
BRDA:165,27,0,0
BRDA:165,27,1,0
BRDA:166,28,0,0
BRDA:166,28,1,0
BRDA:169,29,0,0
BRDA:169,29,1,0
BRDA:169,30,0,0
BRDA:169,30,1,0
BRDA:169,30,2,0
BRDA:176,31,0,0
BRDA:176,31,1,0
BRDA:181,32,0,0
BRDA:181,32,1,0
BRDA:181,33,0,0
BRDA:181,33,1,0
BRDA:193,34,0,0
BRDA:196,35,0,0
BRDA:196,35,1,0
BRDA:198,36,0,0
BRDA:198,36,1,0
BRDA:198,37,0,0
BRDA:198,37,1,0
BRDA:200,38,0,0
BRDA:200,38,1,0
BRDA:204,39,0,0
BRDA:204,39,1,0
BRDA:210,40,0,0
BRDA:210,40,1,0
BRDA:211,41,0,0
BRDA:211,41,1,0
BRDA:212,42,0,0
BRDA:212,42,1,0
BRDA:227,43,0,0
BRDA:227,43,1,0
BRDA:239,44,0,0
BRDA:239,44,1,0
BRDA:250,45,0,0
BRDA:250,45,1,0
BRDA:257,46,0,0
BRDA:257,46,1,0
BRDA:257,47,0,0
BRDA:257,47,1,0
BRDA:259,48,0,0
BRDA:259,48,1,0
BRDA:259,49,0,0
BRDA:259,49,1,0
BRDA:264,50,0,0
BRDA:264,50,1,0
BRDA:264,51,0,0
BRDA:264,51,1,0
BRDA:277,52,0,0
BRDA:277,52,1,0
BRDA:282,53,0,0
BRDA:282,53,1,0
BRDA:287,54,0,0
BRDA:287,54,1,0
BRDA:300,55,0,0
BRDA:300,55,1,0
BRDA:300,56,0,0
BRDA:300,56,1,0
BRF:116
BRH:0
end_of_record
TN:
SF:src\controllers\alertasController.js
FN:4,(anonymous_0)
FN:29,(anonymous_1)
FN:39,(anonymous_2)
FN:58,(anonymous_3)
FN:76,(anonymous_4)
FN:102,(anonymous_5)
FN:121,(anonymous_6)
FN:127,(anonymous_7)
FN:133,(anonymous_8)
FN:148,(anonymous_9)
FN:173,(anonymous_10)
FN:201,(anonymous_11)
FN:222,(anonymous_12)
FN:245,(anonymous_13)
FN:258,(anonymous_14)
FN:264,(anonymous_15)
FN:300,(anonymous_16)
FN:310,(anonymous_17)
FNF:18
FNH:0
FNDA:0,(anonymous_0)
FNDA:0,(anonymous_1)
FNDA:0,(anonymous_2)
FNDA:0,(anonymous_3)
FNDA:0,(anonymous_4)
FNDA:0,(anonymous_5)
FNDA:0,(anonymous_6)
FNDA:0,(anonymous_7)
FNDA:0,(anonymous_8)
FNDA:0,(anonymous_9)
FNDA:0,(anonymous_10)
FNDA:0,(anonymous_11)
FNDA:0,(anonymous_12)
FNDA:0,(anonymous_13)
FNDA:0,(anonymous_14)
FNDA:0,(anonymous_15)
FNDA:0,(anonymous_16)
FNDA:0,(anonymous_17)
DA:4,0
DA:5,0
DA:6,0
DA:7,0
DA:9,0
DA:10,0
DA:11,0
DA:12,0
DA:13,0
DA:15,0
DA:16,0
DA:17,0
DA:19,0
DA:26,0
DA:28,0
DA:29,0
DA:35,0
DA:39,0
DA:40,0
DA:41,0
DA:42,0
DA:44,0
DA:48,0
DA:49,0
DA:52,0
DA:54,0
DA:58,0
DA:59,0
DA:60,0
DA:61,0
DA:63,0
DA:64,0
DA:65,0
DA:68,0
DA:70,0
DA:72,0
DA:76,0
DA:77,0
DA:78,0
DA:79,0
DA:81,0
DA:82,0
DA:85,0
DA:93,0
DA:98,0
DA:102,0
DA:103,0
DA:104,0
DA:105,0
DA:106,0
DA:108,0
DA:109,0
DA:110,0
DA:113,0
DA:115,0
DA:117,0
DA:121,0
DA:122,0
DA:123,0
DA:125,0
DA:127,0
DA:129,0
DA:133,0
DA:134,0
DA:135,0
DA:137,0
DA:140,0
DA:148,0
DA:149,0
DA:150,0
DA:151,0
DA:153,0
DA:157,0
DA:163,0
DA:169,0
DA:173,0
DA:174,0
DA:175,0
DA:176,0
DA:179,0
DA:180,0
DA:181,0
DA:184,0
DA:195,0
DA:197,0
DA:201,0
DA:202,0
DA:203,0
DA:204,0
DA:206,0
DA:212,0
DA:213,0
DA:216,0
DA:218,0
DA:222,0
DA:223,0
DA:224,0
DA:225,0
DA:227,0
DA:228,0
DA:231,0
DA:236,0
DA:241,0
DA:245,0
DA:246,0
DA:247,0
DA:248,0
DA:250,0
DA:258,0
DA:260,0
DA:264,0
DA:265,0
DA:266,0
DA:267,0
DA:269,0
DA:270,0
DA:272,0
DA:273,0
DA:274,0
DA:275,0
DA:276,0
DA:277,0
DA:279,0
DA:280,0
DA:281,0
DA:282,0
DA:286,0
DA:287,0
DA:288,0
DA:290,0
DA:297,0
DA:299,0
DA:300,0
DA:306,0
DA:310,0
DA:311,0
DA:312,0
DA:313,0
DA:315,0
DA:317,0
DA:318,0
DA:319,0
DA:320,0
DA:321,0
DA:322,0
DA:324,0
DA:325,0
DA:326,0
DA:327,0
DA:332,0
DA:343,0
DA:354,0
DA:359,0
DA:361,0
DA:375,0
LF:155
LH:0
BRDA:6,0,0,0
BRDA:6,1,0,0
BRDA:10,2,0,0
BRDA:10,2,1,0
BRDA:11,3,0,0
BRDA:11,3,1,0
BRDA:12,4,0,0
BRDA:12,4,1,0
BRDA:13,5,0,0
BRDA:13,5,1,0
BRDA:48,6,0,0
BRDA:48,6,1,0
BRDA:64,7,0,0
BRDA:64,7,1,0
BRDA:81,8,0,0
BRDA:81,8,1,0
BRDA:81,9,0,0
BRDA:81,9,1,0
BRDA:109,10,0,0
BRDA:109,10,1,0
BRDA:150,11,0,0
BRDA:150,11,1,0
BRDA:180,12,0,0
BRDA:180,12,1,0
BRDA:212,13,0,0
BRDA:212,13,1,0
BRDA:227,14,0,0
BRDA:227,14,1,0
BRDA:227,15,0,0
BRDA:227,15,1,0
BRDA:266,16,0,0
BRDA:266,17,0,0
BRDA:270,18,0,0
BRDA:270,18,1,0
BRDA:272,19,0,0
BRDA:272,19,1,0
BRDA:272,20,0,0
BRDA:272,20,1,0
BRDA:274,21,0,0
BRDA:274,21,1,0
BRDA:279,22,0,0
BRDA:279,22,1,0
BRDA:317,23,0,0
BRDA:317,23,1,0
BRDA:317,24,0,0
BRDA:317,24,1,0
BRDA:319,25,0,0
BRDA:319,25,1,0
BRDA:324,26,0,0
BRDA:324,26,1,0
BRDA:369,27,0,0
BRDA:369,27,1,0
BRF:52
BRH:0
end_of_record
TN:
SF:src\controllers\authController.js
FN:7,(anonymous_0)
FN:17,(anonymous_1)
FN:51,(anonymous_2)
FN:74,(anonymous_3)
FN:119,(anonymous_4)
FN:139,(anonymous_5)
FN:161,(anonymous_6)
FNF:7
FNH:4
FNDA:1,(anonymous_0)
FNDA:5,(anonymous_1)
FNDA:0,(anonymous_2)
FNDA:6,(anonymous_3)
FNDA:0,(anonymous_4)
FNDA:1,(anonymous_5)
FNDA:0,(anonymous_6)
DA:7,1
DA:8,1
DA:9,1
DA:11,0
DA:17,1
DA:18,5
DA:19,5
DA:22,5
DA:23,3
DA:30,2
DA:31,2
DA:32,1
DA:39,1
DA:48,1
DA:51,0
DA:52,0
DA:56,0
DA:63,1
DA:64,1
DA:65,1
DA:74,1
DA:75,6
DA:76,6
DA:79,6
DA:80,2
DA:87,4
DA:89,4
DA:90,1
DA:97,3
DA:99,3
DA:100,1
DA:107,2
DA:108,1
DA:115,1
DA:116,1
DA:119,0
DA:121,0
DA:123,0
DA:130,1
DA:131,1
DA:139,1
DA:140,1
DA:141,1
DA:143,1
DA:144,0
DA:147,1
DA:152,0
DA:153,0
DA:161,1
DA:162,0
LF:50
LH:39
BRDA:8,0,0,1
BRDA:8,0,1,0
BRDA:12,1,0,0
BRDA:12,1,1,0
BRDA:22,2,0,3
BRDA:22,2,1,2
BRDA:22,3,0,5
BRDA:22,3,1,4
BRDA:22,3,2,3
BRDA:31,4,0,1
BRDA:31,4,1,1
BRDA:67,5,0,1
BRDA:67,5,1,0
BRDA:68,6,0,0
BRDA:68,6,1,1
BRDA:79,7,0,2
BRDA:79,7,1,4
BRDA:79,8,0,6
BRDA:79,8,1,5
BRDA:89,9,0,1
BRDA:89,9,1,3
BRDA:99,10,0,1
BRDA:99,10,1,2
BRDA:107,11,0,1
BRDA:107,11,1,1
BRDA:133,12,0,1
BRDA:133,12,1,0
BRDA:143,13,0,0
BRDA:143,13,1,1
BRDA:155,14,0,0
BRDA:155,14,1,0
BRF:31
BRH:22
end_of_record
TN:
SF:src\controllers\clienteController.js
FN:4,(anonymous_0)
FN:41,(anonymous_1)
FN:62,(anonymous_2)
FN:79,(anonymous_3)
FN:123,(anonymous_4)
FN:144,(anonymous_5)
FN:165,(anonymous_6)
FN:171,(anonymous_7)
FN:172,(anonymous_8)
FN:177,(anonymous_9)
FNF:10
FNH:9
FNDA:5,(anonymous_0)
FNDA:2,(anonymous_1)
FNDA:2,(anonymous_2)
FNDA:3,(anonymous_3)
FNDA:2,(anonymous_4)
FNDA:0,(anonymous_5)
FNDA:2,(anonymous_6)
FNDA:3,(anonymous_7)
FNDA:2,(anonymous_8)
FNDA:3,(anonymous_9)
DA:4,1
DA:5,5
DA:6,5
DA:8,5
DA:9,1
DA:12,4
DA:13,3
DA:14,3
DA:15,1
DA:19,3
DA:31,3
DA:37,0
DA:41,1
DA:42,2
DA:43,2
DA:44,2
DA:46,2
DA:47,0
DA:50,2
DA:51,1
DA:54,2
DA:56,2
DA:58,0
DA:62,1
DA:63,2
DA:64,2
DA:69,2
DA:70,1
DA:73,1
DA:75,0
DA:79,1
DA:80,3
DA:81,3
DA:83,3
DA:88,3
DA:89,1
DA:93,2
DA:94,1
DA:95,1
DA:96,1
DA:101,1
DA:102,1
DA:103,1
DA:104,1
DA:105,1
DA:106,1
DA:107,1
DA:108,1
DA:109,1
DA:111,1
DA:113,1
DA:119,0
DA:123,1
DA:124,2
DA:125,2
DA:130,2
DA:131,1
DA:134,1
DA:140,0
DA:144,1
DA:145,0
DA:146,0
DA:151,0
DA:152,0
DA:155,0
DA:159,0
DA:161,0
DA:165,1
DA:166,2
DA:167,2
DA:171,3
DA:172,2
DA:174,2
DA:177,3
DA:183,2
DA:185,0
LF:76
LH:62
BRDA:8,0,0,1
BRDA:8,0,1,4
BRDA:12,1,0,3
BRDA:12,1,1,1
BRDA:14,2,0,1
BRDA:14,2,1,2
BRDA:21,3,0,3
BRDA:21,3,1,2
BRDA:22,4,0,3
BRDA:22,4,1,2
BRDA:26,5,0,3
BRDA:26,5,1,3
BRDA:27,6,0,3
BRDA:27,6,1,3
BRDA:46,7,0,0
BRDA:46,7,1,2
BRDA:50,8,0,1
BRDA:50,8,1,1
BRDA:69,9,0,1
BRDA:69,9,1,1
BRDA:88,10,0,1
BRDA:88,10,1,2
BRDA:93,11,0,1
BRDA:93,11,1,1
BRDA:93,12,0,2
BRDA:93,12,1,1
BRDA:95,13,0,1
BRDA:95,13,1,0
BRDA:101,14,0,1
BRDA:101,14,1,0
BRDA:102,15,0,0
BRDA:102,15,1,1
BRDA:103,16,0,0
BRDA:103,16,1,1
BRDA:104,17,0,0
BRDA:104,17,1,1
BRDA:105,18,0,0
BRDA:105,18,1,1
BRDA:106,19,0,0
BRDA:106,19,1,1
BRDA:107,20,0,0
BRDA:107,20,1,1
BRDA:108,21,0,0
BRDA:108,21,1,1
BRDA:109,22,0,0
BRDA:109,22,1,1
BRDA:130,23,0,1
BRDA:130,23,1,1
BRDA:151,24,0,0
BRDA:151,24,1,0
BRDA:172,25,0,2
BRDA:172,25,1,0
BRDA:179,26,0,1
BRDA:179,26,1,1
BRDA:180,27,0,2
BRDA:180,27,1,2
BRF:56
BRH:42
end_of_record
TN:
SF:src\controllers\comandaController.js
FN:3,(anonymous_0)
FN:15,(anonymous_1)
FN:23,(anonymous_2)
FN:33,(anonymous_3)
FN:53,(anonymous_4)
FN:67,(anonymous_5)
FN:81,(anonymous_6)
FNF:7
FNH:0
FNDA:0,(anonymous_0)
FNDA:0,(anonymous_1)
FNDA:0,(anonymous_2)
FNDA:0,(anonymous_3)
FNDA:0,(anonymous_4)
FNDA:0,(anonymous_5)
FNDA:0,(anonymous_6)
DA:3,0
DA:4,0
DA:5,0
DA:6,0
DA:7,0
DA:8,0
DA:10,0
DA:14,0
DA:15,0
DA:17,0
DA:19,0
DA:23,0
DA:24,0
DA:25,0
DA:26,0
DA:27,0
DA:29,0
DA:33,0
DA:34,0
DA:35,0
DA:36,0
DA:37,0
DA:39,0
DA:47,0
DA:49,0
DA:53,0
DA:54,0
DA:55,0
DA:60,0
DA:61,0
DA:63,0
DA:67,0
DA:68,0
DA:69,0
DA:74,0
DA:75,0
DA:77,0
DA:81,0
DA:82,0
DA:83,0
DA:84,0
DA:85,0
DA:87,0
LF:43
LH:0
BRDA:5,0,0,0
BRDA:7,1,0,0
BRDA:7,1,1,0
BRDA:8,2,0,0
BRDA:8,2,1,0
BRDA:15,3,0,0
BRDA:15,3,1,0
BRDA:26,4,0,0
BRDA:26,4,1,0
BRDA:36,5,0,0
BRDA:36,5,1,0
BRDA:36,6,0,0
BRDA:36,6,1,0
BRDA:43,7,0,0
BRDA:43,7,1,0
BRDA:44,8,0,0
BRDA:44,8,1,0
BRDA:60,9,0,0
BRDA:60,9,1,0
BRDA:74,10,0,0
BRDA:74,10,1,0
BRDA:84,11,0,0
BRDA:84,11,1,0
BRF:23
BRH:0
end_of_record
TN:
SF:src\controllers\estoqueController.js
FN:6,(anonymous_0)
FN:42,(anonymous_1)
FN:63,(anonymous_2)
FN:73,(anonymous_3)
FN:100,(anonymous_4)
FN:121,(anonymous_5)
FN:146,(anonymous_6)
FN:194,(anonymous_7)
FN:253,(anonymous_8)
FN:273,(anonymous_9)
FN:293,(anonymous_10)
FN:301,(anonymous_11)
FN:302,(anonymous_12)
FN:305,(anonymous_13)
FN:317,(anonymous_14)
FN:326,(anonymous_15)
FN:327,(anonymous_16)
FN:328,(anonymous_17)
FN:329,(anonymous_18)
FN:333,(anonymous_19)
FN:336,(anonymous_20)
FNF:21
FNH:0
FNDA:0,(anonymous_0)
FNDA:0,(anonymous_1)
FNDA:0,(anonymous_2)
FNDA:0,(anonymous_3)
FNDA:0,(anonymous_4)
FNDA:0,(anonymous_5)
FNDA:0,(anonymous_6)
FNDA:0,(anonymous_7)
FNDA:0,(anonymous_8)
FNDA:0,(anonymous_9)
FNDA:0,(anonymous_10)
FNDA:0,(anonymous_11)
FNDA:0,(anonymous_12)
FNDA:0,(anonymous_13)
FNDA:0,(anonymous_14)
FNDA:0,(anonymous_15)
FNDA:0,(anonymous_16)
FNDA:0,(anonymous_17)
FNDA:0,(anonymous_18)
FNDA:0,(anonymous_19)
FNDA:0,(anonymous_20)
DA:6,0
DA:7,0
DA:8,0
DA:9,0
DA:12,0
DA:18,0
DA:19,0
DA:25,0
DA:26,0
DA:27,0
DA:30,0
DA:35,0
DA:36,0
DA:38,0
DA:42,0
DA:43,0
DA:44,0
DA:45,0
DA:47,0
DA:48,0
DA:50,0
DA:51,0
DA:52,0
DA:54,0
DA:60,0
DA:62,0
DA:63,0
DA:69,0
DA:73,0
DA:74,0
DA:75,0
DA:76,0
DA:78,0
DA:81,0
DA:82,0
DA:86,0
DA:91,0
DA:92,0
DA:94,0
DA:96,0
DA:100,0
DA:101,0
DA:102,0
DA:103,0
DA:105,0
DA:111,0
DA:112,0
DA:115,0
DA:117,0
DA:121,0
DA:122,0
DA:123,0
DA:124,0
DA:126,0
DA:127,0
DA:128,0
DA:132,0
DA:135,0
DA:140,0
DA:142,0
DA:146,0
DA:147,0
DA:148,0
DA:149,0
DA:150,0
DA:152,0
DA:153,0
DA:156,0
DA:157,0
DA:158,0
DA:162,0
DA:163,0
DA:164,0
DA:167,0
DA:180,0
DA:185,0
DA:190,0
DA:194,0
DA:195,0
DA:196,0
DA:197,0
DA:198,0
DA:200,0
DA:201,0
DA:204,0
DA:205,0
DA:206,0
DA:210,0
DA:211,0
DA:215,0
DA:216,0
DA:217,0
DA:220,0
DA:233,0
DA:234,0
DA:244,0
DA:249,0
DA:253,0
DA:254,0
DA:255,0
DA:256,0
DA:257,0
DA:259,0
DA:260,0
DA:261,0
DA:264,0
DA:265,0
DA:267,0
DA:269,0
DA:273,0
DA:274,0
DA:275,0
DA:276,0
DA:277,0
DA:279,0
DA:280,0
DA:281,0
DA:284,0
DA:285,0
DA:287,0
DA:289,0
DA:293,0
DA:294,0
DA:295,0
DA:296,0
DA:298,0
DA:301,0
DA:302,0
DA:304,0
DA:305,0
DA:313,0
DA:317,0
DA:318,0
DA:319,0
DA:322,0
DA:324,0
DA:326,0
DA:327,0
DA:328,0
DA:329,0
DA:333,0
DA:336,0
DA:338,0
DA:346,0
LF:144
LH:0
BRDA:18,0,0,0
BRDA:18,0,1,0
BRDA:26,1,0,0
BRDA:26,1,1,0
BRDA:44,2,0,0
BRDA:44,3,0,0
BRDA:48,4,0,0
BRDA:48,4,1,0
BRDA:81,5,0,0
BRDA:81,5,1,0
BRDA:111,6,0,0
BRDA:111,6,1,0
BRDA:127,7,0,0
BRDA:127,7,1,0
BRDA:152,8,0,0
BRDA:152,8,1,0
BRDA:157,9,0,0
BRDA:157,9,1,0
BRDA:175,10,0,0
BRDA:175,10,1,0
BRDA:200,11,0,0
BRDA:200,11,1,0
BRDA:205,12,0,0
BRDA:205,12,1,0
BRDA:210,13,0,0
BRDA:210,13,1,0
BRDA:228,14,0,0
BRDA:228,14,1,0
BRDA:233,15,0,0
BRDA:233,15,1,0
BRDA:260,16,0,0
BRDA:260,16,1,0
BRDA:280,17,0,0
BRDA:280,17,1,0
BRF:34
BRH:0
end_of_record
TN:
SF:src\controllers\faturamentoController.js
FN:4,(anonymous_0)
FN:14,(anonymous_1)
FN:33,(anonymous_2)
FN:69,(anonymous_3)
FN:79,(anonymous_4)
FN:99,(anonymous_5)
FN:120,(anonymous_6)
FN:145,(anonymous_7)
FN:170,(anonymous_8)
FN:204,(anonymous_9)
FN:205,(anonymous_10)
FNF:11
FNH:0
FNDA:0,(anonymous_0)
FNDA:0,(anonymous_1)
FNDA:0,(anonymous_2)
FNDA:0,(anonymous_3)
FNDA:0,(anonymous_4)
FNDA:0,(anonymous_5)
FNDA:0,(anonymous_6)
FNDA:0,(anonymous_7)
FNDA:0,(anonymous_8)
FNDA:0,(anonymous_9)
FNDA:0,(anonymous_10)
DA:4,0
DA:5,0
DA:6,0
DA:7,0
DA:9,0
DA:10,0
DA:13,0
DA:14,0
DA:16,0
DA:24,0
DA:25,0
DA:27,0
DA:29,0
DA:33,0
DA:34,0
DA:35,0
DA:36,0
DA:38,0
DA:39,0
DA:40,0
DA:42,0
DA:43,0
DA:44,0
DA:45,0
DA:46,0
DA:47,0
DA:49,0
DA:50,0
DA:51,0
DA:52,0
DA:56,0
DA:57,0
DA:58,0
DA:60,0
DA:66,0
DA:68,0
DA:69,0
DA:75,0
DA:79,0
DA:80,0
DA:81,0
DA:82,0
DA:84,0
DA:89,0
DA:90,0
DA:93,0
DA:95,0
DA:99,0
DA:100,0
DA:101,0
DA:102,0
DA:104,0
DA:110,0
DA:111,0
DA:114,0
DA:116,0
DA:120,0
DA:121,0
DA:122,0
DA:123,0
DA:125,0
DA:127,0
DA:128,0
DA:131,0
DA:132,0
DA:135,0
DA:136,0
DA:137,0
DA:139,0
DA:141,0
DA:145,0
DA:146,0
DA:147,0
DA:148,0
DA:149,0
DA:151,0
DA:153,0
DA:154,0
DA:157,0
DA:158,0
DA:159,0
DA:160,0
DA:162,0
DA:164,0
DA:166,0
DA:170,0
DA:171,0
DA:172,0
DA:173,0
DA:175,0
DA:177,0
DA:178,0
DA:179,0
DA:180,0
DA:181,0
DA:182,0
DA:184,0
DA:185,0
DA:186,0
DA:187,0
DA:191,0
DA:202,0
DA:204,0
DA:205,0
DA:207,0
DA:216,0
LF:106
LH:0
BRDA:9,0,0,0
BRDA:9,0,1,0
BRDA:9,1,0,0
BRDA:9,1,1,0
BRDA:14,2,0,0
BRDA:14,2,1,0
BRDA:35,3,0,0
BRDA:35,4,0,0
BRDA:39,5,0,0
BRDA:39,5,1,0
BRDA:40,6,0,0
BRDA:40,6,1,0
BRDA:42,7,0,0
BRDA:42,7,1,0
BRDA:42,8,0,0
BRDA:42,8,1,0
BRDA:44,9,0,0
BRDA:44,9,1,0
BRDA:49,10,0,0
BRDA:49,10,1,0
BRDA:89,11,0,0
BRDA:89,11,1,0
BRDA:110,12,0,0
BRDA:110,12,1,0
BRDA:127,13,0,0
BRDA:127,13,1,0
BRDA:131,14,0,0
BRDA:131,14,1,0
BRDA:153,15,0,0
BRDA:153,15,1,0
BRDA:159,16,0,0
BRDA:159,16,1,0
BRDA:177,17,0,0
BRDA:177,17,1,0
BRDA:177,18,0,0
BRDA:177,18,1,0
BRDA:179,19,0,0
BRDA:179,19,1,0
BRDA:184,20,0,0
BRDA:184,20,1,0
BRDA:204,21,0,0
BRDA:204,21,1,0
BRDA:205,22,0,0
BRDA:205,22,1,0
BRF:44
BRH:0
end_of_record
TN:
SF:src\controllers\funcionarioController.js
FN:5,(anonymous_0)
FN:34,(anonymous_1)
FN:61,(anonymous_2)
FN:71,(anonymous_3)
FN:87,(anonymous_4)
FN:116,(anonymous_5)
FN:134,(anonymous_6)
FN:163,(anonymous_7)
FN:195,(anonymous_8)
FN:203,(anonymous_9)
FN:234,(anonymous_10)
FN:255,(anonymous_11)
FN:284,(anonymous_12)
FN:293,(anonymous_13)
FN:305,(anonymous_14)
FN:319,(anonymous_15)
FN:321,(anonymous_16)
FNF:17
FNH:0
FNDA:0,(anonymous_0)
FNDA:0,(anonymous_1)
FNDA:0,(anonymous_2)
FNDA:0,(anonymous_3)
FNDA:0,(anonymous_4)
FNDA:0,(anonymous_5)
FNDA:0,(anonymous_6)
FNDA:0,(anonymous_7)
FNDA:0,(anonymous_8)
FNDA:0,(anonymous_9)
FNDA:0,(anonymous_10)
FNDA:0,(anonymous_11)
FNDA:0,(anonymous_12)
FNDA:0,(anonymous_13)
FNDA:0,(anonymous_14)
FNDA:0,(anonymous_15)
FNDA:0,(anonymous_16)
DA:5,0
DA:6,0
DA:7,0
DA:8,0
DA:10,0
DA:11,0
DA:14,0
DA:15,0
DA:16,0
DA:17,0
DA:21,0
DA:27,0
DA:28,0
DA:30,0
DA:34,0
DA:35,0
DA:36,0
DA:37,0
DA:39,0
DA:40,0
DA:41,0
DA:42,0
DA:43,0
DA:49,0
DA:50,0
DA:51,0
DA:53,0
DA:58,0
DA:60,0
DA:61,0
DA:67,0
DA:71,0
DA:72,0
DA:73,0
DA:74,0
DA:76,0
DA:77,0
DA:78,0
DA:81,0
DA:83,0
DA:87,0
DA:88,0
DA:89,0
DA:90,0
DA:91,0
DA:93,0
DA:94,0
DA:95,0
DA:96,0
DA:100,0
DA:106,0
DA:107,0
DA:110,0
DA:112,0
DA:116,0
DA:117,0
DA:118,0
DA:119,0
DA:121,0
DA:122,0
DA:123,0
DA:126,0
DA:128,0
DA:130,0
DA:134,0
DA:135,0
DA:136,0
DA:137,0
DA:138,0
DA:140,0
DA:141,0
DA:142,0
DA:145,0
DA:146,0
DA:147,0
DA:150,0
DA:156,0
DA:157,0
DA:159,0
DA:163,0
DA:164,0
DA:165,0
DA:166,0
DA:167,0
DA:169,0
DA:170,0
DA:171,0
DA:174,0
DA:176,0
DA:177,0
DA:178,0
DA:179,0
DA:180,0
DA:181,0
DA:183,0
DA:184,0
DA:185,0
DA:186,0
DA:190,0
DA:192,0
DA:194,0
DA:195,0
DA:199,0
DA:203,0
DA:204,0
DA:205,0
DA:206,0
DA:207,0
DA:209,0
DA:210,0
DA:211,0
DA:214,0
DA:215,0
DA:216,0
DA:217,0
DA:218,0
DA:219,0
DA:223,0
DA:228,0
DA:230,0
DA:234,0
DA:235,0
DA:236,0
DA:237,0
DA:239,0
DA:245,0
DA:246,0
DA:249,0
DA:251,0
DA:255,0
DA:256,0
DA:257,0
DA:258,0
DA:259,0
DA:261,0
DA:262,0
DA:263,0
DA:266,0
DA:268,0
DA:269,0
DA:270,0
DA:271,0
DA:272,0
DA:273,0
DA:275,0
DA:276,0
DA:277,0
DA:278,0
DA:282,0
DA:284,0
DA:285,0
DA:287,0
DA:293,0
DA:301,0
DA:305,0
DA:306,0
DA:307,0
DA:308,0
DA:310,0
DA:311,0
DA:312,0
DA:315,0
DA:319,0
DA:320,0
DA:321,0
DA:324,0
DA:330,0
DA:341,0
LF:168
LH:0
BRDA:10,0,0,0
BRDA:10,0,1,0
BRDA:14,1,0,0
BRDA:14,1,1,0
BRDA:16,2,0,0
BRDA:16,2,1,0
BRDA:24,3,0,0
BRDA:24,3,1,0
BRDA:36,4,0,0
BRDA:36,5,0,0
BRDA:40,6,0,0
BRDA:40,6,1,0
BRDA:41,7,0,0
BRDA:41,7,1,0
BRDA:42,8,0,0
BRDA:42,8,1,0
BRDA:77,9,0,0
BRDA:77,9,1,0
BRDA:93,10,0,0
BRDA:93,10,1,0
BRDA:95,11,0,0
BRDA:95,11,1,0
BRDA:106,12,0,0
BRDA:106,12,1,0
BRDA:122,13,0,0
BRDA:122,13,1,0
BRDA:141,14,0,0
BRDA:141,14,1,0
BRDA:146,15,0,0
BRDA:146,15,1,0
BRDA:170,16,0,0
BRDA:170,16,1,0
BRDA:176,17,0,0
BRDA:176,17,1,0
BRDA:176,18,0,0
BRDA:176,18,1,0
BRDA:178,19,0,0
BRDA:178,19,1,0
BRDA:183,20,0,0
BRDA:183,20,1,0
BRDA:190,21,0,0
BRDA:190,21,1,0
BRDA:210,22,0,0
BRDA:210,22,1,0
BRDA:214,23,0,0
BRDA:214,23,1,0
BRDA:214,24,0,0
BRDA:214,24,1,0
BRDA:215,25,0,0
BRDA:215,25,1,0
BRDA:216,26,0,0
BRDA:216,26,1,0
BRDA:218,27,0,0
BRDA:218,27,1,0
BRDA:245,28,0,0
BRDA:245,28,1,0
BRDA:262,29,0,0
BRDA:262,29,1,0
BRDA:268,30,0,0
BRDA:268,30,1,0
BRDA:268,31,0,0
BRDA:268,31,1,0
BRDA:270,32,0,0
BRDA:270,32,1,0
BRDA:275,33,0,0
BRDA:275,33,1,0
BRDA:284,34,0,0
BRDA:284,34,1,0
BRDA:311,35,0,0
BRDA:311,35,1,0
BRDA:321,36,0,0
BRDA:321,36,1,0
BRF:72
BRH:0
end_of_record
TN:
SF:src\controllers\movimentacaoController.js
FN:5,(anonymous_0)
FN:82,(anonymous_1)
FN:121,(anonymous_2)
FN:131,(anonymous_3)
FN:150,(anonymous_4)
FN:171,(anonymous_5)
FN:187,(anonymous_6)
FN:203,(anonymous_7)
FN:219,(anonymous_8)
FN:237,(anonymous_9)
FN:247,(anonymous_10)
FN:295,(anonymous_11)
FNF:12
FNH:0
FNDA:0,(anonymous_0)
FNDA:0,(anonymous_1)
FNDA:0,(anonymous_2)
FNDA:0,(anonymous_3)
FNDA:0,(anonymous_4)
FNDA:0,(anonymous_5)
FNDA:0,(anonymous_6)
FNDA:0,(anonymous_7)
FNDA:0,(anonymous_8)
FNDA:0,(anonymous_9)
FNDA:0,(anonymous_10)
FNDA:0,(anonymous_11)
DA:5,0
DA:6,0
DA:7,0
DA:8,0
DA:11,0
DA:12,0
DA:13,0
DA:17,0
DA:18,0
DA:19,0
DA:24,0
DA:36,0
DA:39,0
DA:40,0
DA:41,0
DA:42,0
DA:43,0
DA:45,0
DA:46,0
DA:48,0
DA:52,0
DA:53,0
DA:56,0
DA:57,0
DA:65,0
DA:67,0
DA:73,0
DA:78,0
DA:82,0
DA:83,0
DA:84,0
DA:85,0
DA:87,0
DA:88,0
DA:89,0
DA:90,0
DA:91,0
DA:93,0
DA:94,0
DA:95,0
DA:96,0
DA:97,0
DA:98,0
DA:100,0
DA:101,0
DA:102,0
DA:103,0
DA:107,0
DA:108,0
DA:109,0
DA:111,0
DA:118,0
DA:120,0
DA:121,0
DA:127,0
DA:131,0
DA:132,0
DA:133,0
DA:134,0
DA:136,0
DA:140,0
DA:141,0
DA:144,0
DA:146,0
DA:150,0
DA:151,0
DA:152,0
DA:153,0
DA:155,0
DA:161,0
DA:162,0
DA:165,0
DA:167,0
DA:171,0
DA:172,0
DA:173,0
DA:174,0
DA:176,0
DA:177,0
DA:178,0
DA:181,0
DA:183,0
DA:187,0
DA:188,0
DA:189,0
DA:190,0
DA:192,0
DA:195,0
DA:203,0
DA:204,0
DA:207,0
DA:215,0
DA:219,0
DA:220,0
DA:221,0
DA:222,0
DA:223,0
DA:225,0
DA:226,0
DA:227,0
DA:229,0
DA:234,0
DA:236,0
DA:237,0
DA:243,0
DA:247,0
DA:248,0
DA:249,0
DA:250,0
DA:252,0
DA:254,0
DA:255,0
DA:256,0
DA:257,0
DA:258,0
DA:259,0
DA:261,0
DA:262,0
DA:263,0
DA:264,0
DA:268,0
DA:283,0
DA:291,0
DA:295,0
DA:296,0
DA:297,0
DA:298,0
DA:300,0
DA:301,0
DA:304,0
DA:305,0
DA:307,0
DA:308,0
DA:309,0
DA:310,0
DA:311,0
DA:315,0
DA:318,0
DA:325,0
DA:328,0
DA:329,0
DA:330,0
DA:331,0
DA:334,0
DA:335,0
DA:337,0
DA:343,0
DA:350,0
DA:357,0
LF:149
LH:0
BRDA:12,0,0,0
BRDA:12,0,1,0
BRDA:17,1,0,0
BRDA:17,1,1,0
BRDA:18,2,0,0
BRDA:18,2,1,0
BRDA:32,3,0,0
BRDA:32,3,1,0
BRDA:39,4,0,0
BRDA:39,4,1,0
BRDA:41,5,0,0
BRDA:41,5,1,0
BRDA:43,6,0,0
BRDA:43,6,1,0
BRDA:45,7,0,0
BRDA:45,7,1,0
BRDA:56,8,0,0
BRDA:56,8,1,0
BRDA:65,9,0,0
BRDA:65,9,1,0
BRDA:84,10,0,0
BRDA:84,11,0,0
BRDA:88,12,0,0
BRDA:88,12,1,0
BRDA:89,13,0,0
BRDA:89,13,1,0
BRDA:90,14,0,0
BRDA:90,14,1,0
BRDA:91,15,0,0
BRDA:91,15,1,0
BRDA:93,16,0,0
BRDA:93,16,1,0
BRDA:93,17,0,0
BRDA:93,17,1,0
BRDA:95,18,0,0
BRDA:95,18,1,0
BRDA:100,19,0,0
BRDA:100,19,1,0
BRDA:140,20,0,0
BRDA:140,20,1,0
BRDA:161,21,0,0
BRDA:161,21,1,0
BRDA:177,22,0,0
BRDA:177,22,1,0
BRDA:222,23,0,0
BRDA:222,24,0,0
BRDA:254,25,0,0
BRDA:254,25,1,0
BRDA:254,26,0,0
BRDA:254,26,1,0
BRDA:256,27,0,0
BRDA:256,27,1,0
BRDA:261,28,0,0
BRDA:261,28,1,0
BRDA:300,29,0,0
BRDA:300,29,1,0
BRDA:300,30,0,0
BRDA:300,30,1,0
BRDA:310,31,0,0
BRDA:310,31,1,0
BRDA:328,32,0,0
BRDA:328,32,1,0
BRDA:330,33,0,0
BRDA:330,33,1,0
BRF:64
BRH:0
end_of_record
TN:
SF:src\controllers\pacoteController.js
FN:4,(anonymous_0)
FN:14,(anonymous_1)
FN:28,(anonymous_2)
FN:34,(anonymous_3)
FN:44,(anonymous_4)
FN:58,(anonymous_5)
FN:68,(anonymous_6)
FNF:7
FNH:0
FNDA:0,(anonymous_0)
FNDA:0,(anonymous_1)
FNDA:0,(anonymous_2)
FNDA:0,(anonymous_3)
FNDA:0,(anonymous_4)
FNDA:0,(anonymous_5)
FNDA:0,(anonymous_6)
DA:4,0
DA:5,0
DA:6,0
DA:7,0
DA:8,0
DA:10,0
DA:14,0
DA:15,0
DA:16,0
DA:17,0
DA:19,0
DA:20,0
DA:21,0
DA:23,0
DA:27,0
DA:28,0
DA:30,0
DA:34,0
DA:35,0
DA:36,0
DA:37,0
DA:38,0
DA:40,0
DA:44,0
DA:45,0
DA:46,0
DA:51,0
DA:52,0
DA:54,0
DA:58,0
DA:59,0
DA:60,0
DA:61,0
DA:62,0
DA:64,0
DA:68,0
DA:69,0
DA:70,0
DA:71,0
DA:73,0
DA:82,0
DA:83,0
DA:85,0
LF:43
LH:0
BRDA:16,0,0,0
BRDA:20,1,0,0
BRDA:20,1,1,0
BRDA:21,2,0,0
BRDA:21,2,1,0
BRDA:37,3,0,0
BRDA:37,3,1,0
BRDA:51,4,0,0
BRDA:51,4,1,0
BRDA:61,5,0,0
BRDA:61,5,1,0
BRDA:82,6,0,0
BRDA:82,7,0,0
BRDA:82,8,0,0
BRDA:82,8,1,0
BRF:15
BRH:0
end_of_record
TN:
SF:src\controllers\produtoController.js
FN:5,(anonymous_0)
FN:27,(anonymous_1)
FN:55,(anonymous_2)
FN:65,(anonymous_3)
FN:79,(anonymous_4)
FN:80,(anonymous_5)
FN:93,(anonymous_6)
FN:122,(anonymous_7)
FN:129,(anonymous_8)
FN:151,(anonymous_9)
FN:167,(anonymous_10)
FN:213,(anonymous_11)
FN:224,(anonymous_12)
FN:230,(anonymous_13)
FN:244,(anonymous_14)
FN:246,(anonymous_15)
FN:247,(anonymous_16)
FNF:17
FNH:0
FNDA:0,(anonymous_0)
FNDA:0,(anonymous_1)
FNDA:0,(anonymous_2)
FNDA:0,(anonymous_3)
FNDA:0,(anonymous_4)
FNDA:0,(anonymous_5)
FNDA:0,(anonymous_6)
FNDA:0,(anonymous_7)
FNDA:0,(anonymous_8)
FNDA:0,(anonymous_9)
FNDA:0,(anonymous_10)
FNDA:0,(anonymous_11)
FNDA:0,(anonymous_12)
FNDA:0,(anonymous_13)
FNDA:0,(anonymous_14)
FNDA:0,(anonymous_15)
FNDA:0,(anonymous_16)
DA:5,0
DA:6,0
DA:7,0
DA:8,0
DA:10,0
DA:11,0
DA:12,0
DA:15,0
DA:20,0
DA:21,0
DA:23,0
DA:27,0
DA:28,0
DA:29,0
DA:30,0
DA:32,0
DA:33,0
DA:34,0
DA:35,0
DA:36,0
DA:43,0
DA:44,0
DA:45,0
DA:47,0
DA:52,0
DA:54,0
DA:55,0
DA:61,0
DA:65,0
DA:66,0
DA:67,0
DA:68,0
DA:70,0
DA:71,0
DA:72,0
DA:76,0
DA:79,0
DA:80,0
DA:82,0
DA:83,0
DA:84,0
DA:85,0
DA:87,0
DA:89,0
DA:93,0
DA:94,0
DA:95,0
DA:96,0
DA:97,0
DA:99,0
DA:100,0
DA:101,0
DA:102,0
DA:106,0
DA:112,0
DA:113,0
DA:116,0
DA:118,0
DA:122,0
DA:123,0
DA:124,0
DA:125,0
DA:128,0
DA:129,0
DA:131,0
DA:132,0
DA:137,0
DA:138,0
DA:139,0
DA:143,0
DA:145,0
DA:147,0
DA:151,0
DA:152,0
DA:153,0
DA:155,0
DA:156,0
DA:157,0
DA:160,0
DA:166,0
DA:167,0
DA:168,0
DA:172,0
DA:186,0
DA:196,0
DA:209,0
DA:213,0
DA:214,0
DA:215,0
DA:216,0
DA:218,0
DA:224,0
DA:226,0
DA:230,0
DA:231,0
DA:232,0
DA:233,0
DA:235,0
DA:236,0
DA:237,0
DA:239,0
DA:243,0
DA:245,0
DA:246,0
DA:247,0
DA:249,0
DA:250,0
DA:251,0
DA:252,0
DA:256,0
DA:258,0
DA:265,0
LF:112
LH:0
BRDA:11,0,0,0
BRDA:11,0,1,0
BRDA:29,1,0,0
BRDA:29,2,0,0
BRDA:33,3,0,0
BRDA:33,3,1,0
BRDA:34,4,0,0
BRDA:34,4,1,0
BRDA:35,5,0,0
BRDA:35,5,1,0
BRDA:71,6,0,0
BRDA:71,6,1,0
BRDA:99,7,0,0
BRDA:99,7,1,0
BRDA:101,8,0,0
BRDA:101,8,1,0
BRDA:112,9,0,0
BRDA:112,9,1,0
BRDA:131,10,0,0
BRDA:131,10,1,0
BRDA:138,11,0,0
BRDA:138,11,1,0
BRDA:168,12,0,0
BRDA:168,12,1,0
BRDA:232,13,0,0
BRDA:232,14,0,0
BRF:26
BRH:0
end_of_record
TN:
SF:src\controllers\servicoController.js
FN:4,(anonymous_0)
FN:14,(anonymous_1)
FN:37,(anonymous_2)
FN:43,(anonymous_3)
FN:53,(anonymous_4)
FN:67,(anonymous_5)
FN:77,(anonymous_6)
FNF:7
FNH:0
FNDA:0,(anonymous_0)
FNDA:0,(anonymous_1)
FNDA:0,(anonymous_2)
FNDA:0,(anonymous_3)
FNDA:0,(anonymous_4)
FNDA:0,(anonymous_5)
FNDA:0,(anonymous_6)
DA:4,0
DA:5,0
DA:6,0
DA:7,0
DA:8,0
DA:10,0
DA:14,0
DA:15,0
DA:16,0
DA:17,0
DA:19,0
DA:20,0
DA:21,0
DA:22,0
DA:23,0
DA:29,0
DA:30,0
DA:35,0
DA:37,0
DA:39,0
DA:43,0
DA:44,0
DA:45,0
DA:46,0
DA:47,0
DA:49,0
DA:53,0
DA:54,0
DA:55,0
DA:60,0
DA:61,0
DA:63,0
DA:67,0
DA:68,0
DA:69,0
DA:70,0
DA:71,0
DA:73,0
DA:77,0
DA:78,0
DA:79,0
DA:81,0
DA:82,0
DA:84,0
DA:95,0
DA:97,0
DA:104,0
LF:47
LH:0
BRDA:16,0,0,0
BRDA:16,1,0,0
BRDA:20,2,0,0
BRDA:20,2,1,0
BRDA:21,3,0,0
BRDA:21,3,1,0
BRDA:22,4,0,0
BRDA:22,4,1,0
BRDA:46,5,0,0
BRDA:46,5,1,0
BRDA:60,6,0,0
BRDA:60,6,1,0
BRDA:70,7,0,0
BRDA:70,7,1,0
BRDA:95,8,0,0
BRDA:95,9,0,0
BRDA:95,10,0,0
BRDA:95,10,1,0
BRF:18
BRH:0
end_of_record
TN:
SF:src\controllers\stripeController.js
FN:9,(anonymous_0)
FN:15,(anonymous_1)
FN:81,(anonymous_2)
FN:117,(anonymous_3)
FNF:4
FNH:0
FNDA:0,(anonymous_0)
FNDA:0,(anonymous_1)
FNDA:0,(anonymous_2)
FNDA:0,(anonymous_3)
DA:6,0
DA:9,0
DA:10,0
DA:15,0
DA:16,0
DA:17,0
DA:19,0
DA:24,0
DA:25,0
DA:26,0
DA:29,0
DA:30,0
DA:31,0
DA:36,0
DA:37,0
DA:40,0
DA:41,0
DA:45,0
DA:47,0
DA:72,0
DA:74,0
DA:75,0
DA:81,0
DA:82,0
DA:83,0
DA:85,0
DA:86,0
DA:89,0
DA:91,0
DA:92,0
DA:94,0
DA:101,0
DA:102,0
DA:108,0
DA:110,0
DA:111,0
DA:117,0
DA:118,0
DA:121,0
DA:122,0
DA:128,0
DA:129,0
DA:132,0
DA:133,0
DA:135,0
DA:136,0
DA:137,0
DA:143,0
DA:147,0
DA:148,0
DA:149,0
DA:150,0
DA:152,0
DA:156,0
DA:157,0
DA:158,0
DA:159,0
DA:161,0
DA:165,0
DA:166,0
DA:167,0
DA:168,0
DA:173,0
DA:177,0
DA:178,0
DA:179,0
DA:185,0
DA:189,0
DA:190,0
DA:193,0
LF:70
LH:0
BRDA:17,0,0,0
BRDA:24,1,0,0
BRDA:24,1,1,0
BRDA:25,2,0,0
BRDA:25,2,1,0
BRDA:26,3,0,0
BRDA:26,3,1,0
BRDA:30,4,0,0
BRDA:30,4,1,0
BRDA:33,5,0,0
BRDA:33,5,1,0
BRDA:41,6,0,0
BRDA:41,6,1,0
BRDA:42,7,0,0
BRDA:42,7,1,0
BRDA:45,8,0,0
BRDA:45,8,1,0
BRDA:56,9,0,0
BRDA:56,9,1,0
BRDA:59,10,0,0
BRDA:59,10,1,0
BRDA:85,11,0,0
BRDA:85,11,1,0
BRDA:85,12,0,0
BRDA:85,12,1,0
BRDA:92,13,0,0
BRDA:92,13,1,0
BRDA:101,14,0,0
BRDA:101,14,1,0
BRDA:133,15,0,0
BRDA:133,15,1,0
BRDA:133,15,2,0
BRDA:133,15,3,0
BRDA:133,15,4,0
BRDA:136,16,0,0
BRDA:136,16,1,0
BRDA:136,17,0,0
BRDA:136,17,1,0
BRDA:149,18,0,0
BRDA:149,18,1,0
BRDA:149,19,0,0
BRDA:149,19,1,0
BRDA:158,20,0,0
BRDA:158,20,1,0
BRDA:167,21,0,0
BRDA:167,21,1,0
BRDA:178,22,0,0
BRDA:178,22,1,0
BRF:48
BRH:0
end_of_record
TN:
SF:src\controllers\transacaoController.js
FN:4,(anonymous_0)
FN:31,(anonymous_1)
FN:73,(anonymous_2)
FN:84,(anonymous_3)
FN:105,(anonymous_4)
FN:126,(anonymous_5)
FN:143,(anonymous_6)
FN:175,(anonymous_7)
FN:176,(anonymous_8)
FN:177,(anonymous_9)
FNF:10
FNH:0
FNDA:0,(anonymous_0)
FNDA:0,(anonymous_1)
FNDA:0,(anonymous_2)
FNDA:0,(anonymous_3)
FNDA:0,(anonymous_4)
FNDA:0,(anonymous_5)
FNDA:0,(anonymous_6)
FNDA:0,(anonymous_7)
FNDA:0,(anonymous_8)
FNDA:0,(anonymous_9)
DA:4,0
DA:5,0
DA:6,0
DA:7,0
DA:9,0
DA:10,0
DA:13,0
DA:14,0
DA:17,0
DA:22,0
DA:23,0
DA:25,0
DA:27,0
DA:31,0
DA:32,0
DA:33,0
DA:34,0
DA:36,0
DA:37,0
DA:38,0
DA:39,0
DA:41,0
DA:42,0
DA:43,0
DA:44,0
DA:45,0
DA:46,0
DA:48,0
DA:49,0
DA:50,0
DA:51,0
DA:55,0
DA:56,0
DA:57,0
DA:59,0
DA:65,0
DA:67,0
DA:72,0
DA:73,0
DA:80,0
DA:84,0
DA:85,0
DA:86,0
DA:87,0
DA:89,0
DA:95,0
DA:96,0
DA:99,0
DA:101,0
DA:105,0
DA:106,0
DA:107,0
DA:108,0
DA:110,0
DA:116,0
DA:117,0
DA:120,0
DA:122,0
DA:126,0
DA:127,0
DA:128,0
DA:129,0
DA:131,0
DA:133,0
DA:134,0
DA:137,0
DA:139,0
DA:143,0
DA:144,0
DA:145,0
DA:146,0
DA:148,0
DA:150,0
DA:151,0
DA:152,0
DA:153,0
DA:154,0
DA:155,0
DA:157,0
DA:158,0
DA:159,0
DA:160,0
DA:164,0
DA:175,0
DA:176,0
DA:177,0
DA:179,0
DA:181,0
DA:191,0
LF:89
LH:0
BRDA:9,0,0,0
BRDA:9,0,1,0
BRDA:13,1,0,0
BRDA:13,1,1,0
BRDA:33,2,0,0
BRDA:33,3,0,0
BRDA:37,4,0,0
BRDA:37,4,1,0
BRDA:38,5,0,0
BRDA:38,5,1,0
BRDA:39,6,0,0
BRDA:39,6,1,0
BRDA:41,7,0,0
BRDA:41,7,1,0
BRDA:41,8,0,0
BRDA:41,8,1,0
BRDA:43,9,0,0
BRDA:43,9,1,0
BRDA:48,10,0,0
BRDA:48,10,1,0
BRDA:95,11,0,0
BRDA:95,11,1,0
BRDA:116,12,0,0
BRDA:116,12,1,0
BRDA:133,13,0,0
BRDA:133,13,1,0
BRDA:150,14,0,0
BRDA:150,14,1,0
BRDA:150,15,0,0
BRDA:150,15,1,0
BRDA:152,16,0,0
BRDA:152,16,1,0
BRDA:157,17,0,0
BRDA:157,17,1,0
BRDA:175,18,0,0
BRDA:175,18,1,0
BRDA:176,19,0,0
BRDA:176,19,1,0
BRDA:177,20,0,0
BRDA:177,20,1,0
BRDA:188,21,0,0
BRDA:188,21,1,0
BRF:42
BRH:0
end_of_record
TN:
SF:src\middlewares\autenticacao.js
FN:3,(anonymous_0)
FN:48,(anonymous_1)
FN:49,(anonymous_2)
FN:58,(anonymous_3)
FN:70,(anonymous_4)
FNF:5
FNH:1
FNDA:4,(anonymous_0)
FNDA:0,(anonymous_1)
FNDA:0,(anonymous_2)
FNDA:0,(anonymous_3)
FNDA:0,(anonymous_4)
DA:3,1
DA:4,4
DA:8,4
DA:9,3
DA:13,4
DA:14,1
DA:21,3
DA:22,0
DA:23,0
DA:25,3
DA:27,3
DA:28,0
DA:34,3
DA:35,3
DA:41,0
DA:48,1
DA:49,0
DA:50,0
DA:51,0
DA:53,0
DA:57,1
DA:60,0
DA:61,0
DA:62,0
DA:63,0
DA:64,0
DA:65,0
DA:67,0
DA:71,0
DA:72,0
DA:74,0
LF:31
LH:13
BRDA:8,0,0,3
BRDA:8,0,1,1
BRDA:8,1,0,4
BRDA:8,1,1,3
BRDA:13,2,0,1
BRDA:13,2,1,3
BRDA:27,3,0,0
BRDA:27,3,1,3
BRDA:34,4,0,3
BRDA:34,4,1,0
BRDA:50,5,0,0
BRDA:50,5,1,0
BRDA:50,6,0,0
BRDA:50,6,1,0
BRDA:60,7,0,0
BRDA:60,7,1,0
BRDA:61,8,0,0
BRDA:61,8,1,0
BRDA:71,9,0,0
BRDA:71,9,1,0
BRF:20
BRH:8
end_of_record
TN:
SF:src\middlewares\rateLimiter.js
FN:9,(anonymous_0)
FN:18,(anonymous_1)
FNF:2
FNH:0
FNDA:0,(anonymous_0)
FNDA:0,(anonymous_1)
DA:3,0
DA:9,0
DA:12,0
DA:18,0
LF:4
LH:0
BRF:0
BRH:0
end_of_record
TN:
SF:src\middlewares\verificarLimitesPlano.js
FN:10,(anonymous_0)
FN:57,(anonymous_1)
FN:104,(anonymous_2)
FNF:3
FNH:3
FNDA:5,(anonymous_0)
FNDA:2,(anonymous_1)
FNDA:3,(anonymous_2)
DA:10,1
DA:11,5
DA:12,5
DA:15,5
DA:16,4
DA:17,1
DA:24,3
DA:25,3
DA:26,1
DA:33,2
DA:36,2
DA:37,1
DA:47,1
DA:49,1
DA:50,1
DA:57,1
DA:58,2
DA:59,2
DA:62,2
DA:63,2
DA:64,0
DA:71,2
DA:72,2
DA:73,0
DA:80,2
DA:83,2
DA:84,1
DA:94,1
DA:96,0
DA:97,0
DA:104,1
DA:105,3
DA:106,3
DA:109,3
DA:110,3
DA:111,0
DA:118,3
DA:119,3
DA:120,0
DA:127,3
DA:128,3
DA:129,3
DA:131,3
DA:140,3
DA:141,1
DA:152,2
DA:154,0
DA:155,0
LF:48
LH:40
BRDA:16,0,0,1
BRDA:16,0,1,3
BRDA:25,1,0,1
BRDA:25,1,1,2
BRDA:36,2,0,1
BRDA:36,2,1,1
BRDA:63,3,0,0
BRDA:63,3,1,2
BRDA:72,4,0,0
BRDA:72,4,1,2
BRDA:83,5,0,1
BRDA:83,5,1,1
BRDA:110,6,0,0
BRDA:110,6,1,3
BRDA:119,7,0,0
BRDA:119,7,1,3
BRDA:140,8,0,1
BRDA:140,8,1,2
BRF:18
BRH:14
end_of_record
